<?xml version="1.0" encoding="UTF-8"?>
<testng-results ignored="0" total="4" passed="4" failed="0" skipped="0">
  <reporter-output>
  </reporter-output>
  <suite started-at="2024-06-01T19:00:17 IST" name="Default suite" finished-at="2024-06-01T19:00:25 IST" duration-ms="7814">
    <groups>
    </groups>
    <test started-at="2024-06-01T19:00:17 IST" name="Default test" finished-at="2024-06-01T19:00:25 IST" duration-ms="7814">
      <class name="OnlyForQA.MultipleApiIntegrationTest">
        <test-method is-config="true" signature="setUp()[pri:0, instance:OnlyForQA.MultipleApiIntegrationTest@13fd2ccd]" started-at="2024-06-01T19:00:17 IST" name="setUp" finished-at="2024-06-01T19:00:17 IST" duration-ms="624" status="PASS">
          <reporter-output>
          </reporter-output>
        </test-method> <!-- setUp -->
        <test-method signature="testCreateBooking()[pri:0, instance:OnlyForQA.MultipleApiIntegrationTest@13fd2ccd]" started-at="2024-06-01T19:00:17 IST" name="testCreateBooking" finished-at="2024-06-01T19:00:20 IST" duration-ms="2796" status="PASS">
          <reporter-output>
          </reporter-output>
        </test-method> <!-- testCreateBooking -->
        <test-method signature="testGetBookingDetails()[pri:1, instance:OnlyForQA.MultipleApiIntegrationTest@13fd2ccd]" started-at="2024-06-01T19:00:20 IST" name="testGetBookingDetails" finished-at="2024-06-01T19:00:22 IST" duration-ms="1432" status="PASS">
          <reporter-output>
          </reporter-output>
        </test-method> <!-- testGetBookingDetails -->
        <test-method signature="updateUser()[pri:2, instance:OnlyForQA.MultipleApiIntegrationTest@13fd2ccd]" started-at="2024-06-01T19:00:22 IST" name="updateUser" finished-at="2024-06-01T19:00:23 IST" duration-ms="1481" status="PASS">
          <reporter-output>
          </reporter-output>
        </test-method> <!-- updateUser -->
        <test-method signature="DeleteBooking()[pri:3, instance:OnlyForQA.MultipleApiIntegrationTest@13fd2ccd]" started-at="2024-06-01T19:00:23 IST" name="DeleteBooking" finished-at="2024-06-01T19:00:25 IST" duration-ms="1445" status="PASS">
          <reporter-output>
          </reporter-output>
        </test-method> <!-- DeleteBooking -->
      </class> <!-- OnlyForQA.MultipleApiIntegrationTest -->
    </test> <!-- Default test -->
  </suite> <!-- Default suite -->
</testng-results>
